2012/06/21 14:22:06 [error] [exception.CHttpException.403] exception 'CHttpException' with message 'You are not authorized to perform this action.' in D:\Archivos de Programas\xampp\htdocs\yii\framework\web\auth\CAccessControlFilter.php:158
Stack trace:
#0 D:\Archivos de Programas\xampp\htdocs\yii\framework\web\auth\CAccessControlFilter.php(120): CAccessControlFilter->accessDenied(Object(CWebUser), 'You are not aut...')
#1 D:\Archivos de Programas\xampp\htdocs\yii\framework\web\filters\CFilter.php(39): CAccessControlFilter->preFilter(Object(CFilterChain))
#2 D:\Archivos de Programas\xampp\htdocs\yii\framework\web\CController.php(1144): CFilter->filter(Object(CFilterChain))
#3 D:\Archivos de Programas\xampp\htdocs\yii\framework\web\filters\CInlineFilter.php(59): CController->filterAccessControl(Object(CFilterChain))
#4 D:\Archivos de Programas\xampp\htdocs\yii\framework\web\filters\CFilterChain.php(131): CInlineFilter->filter(Object(CFilterChain))
#5 D:\Archivos de Programas\xampp\htdocs\yii\framework\web\CController.php(283): CFilterChain->run()
#6 D:\Archivos de Programas\xampp\htdocs\yii\framework\web\CController.php(257): CController->runActionWithFilters(Object(CInlineAction), Array)
#7 D:\Archivos de Programas\xampp\htdocs\yii\framework\web\CWebApplication.php(277): CController->run('')
#8 D:\Archivos de Programas\xampp\htdocs\yii\framework\web\CWebApplication.php(136): CWebApplication->runController('recarga')
#9 D:\Archivos de Programas\xampp\htdocs\yii\framework\base\CApplication.php(158): CWebApplication->processRequest()
#10 D:\Archivos de Programas\xampp\htdocs\recargaschile2.0\index.php(13): CApplication->run()
#11 {main} REQUEST_URI=/recargaschile2.0/index.php/recarga
2012/06/21 14:23:04 [error] [exception.CHttpException.404] exception 'CHttpException' with message 'The system is unable to find the requested action "minicreate".' in D:\Archivos de Programas\xampp\htdocs\yii\framework\web\CController.php:477
Stack trace:
#0 D:\Archivos de Programas\xampp\htdocs\yii\framework\web\CController.php(262): CController->missingAction('minicreate')
#1 D:\Archivos de Programas\xampp\htdocs\yii\framework\web\CWebApplication.php(277): CController->run('minicreate')
#2 D:\Archivos de Programas\xampp\htdocs\yii\framework\web\CWebApplication.php(136): CWebApplication->runController('recarga/minicre...')
#3 D:\Archivos de Programas\xampp\htdocs\yii\framework\base\CApplication.php(158): CWebApplication->processRequest()
#4 D:\Archivos de Programas\xampp\htdocs\recargaschile2.0\index.php(13): CApplication->run()
#5 {main} REQUEST_URI=/recargaschile2.0/index.php/recarga/minicreate
2012/06/21 14:23:25 [error] [exception.CHttpException.403] exception 'CHttpException' with message 'You are not authorized to perform this action.' in D:\Archivos de Programas\xampp\htdocs\yii\framework\web\auth\CAccessControlFilter.php:158
Stack trace:
#0 D:\Archivos de Programas\xampp\htdocs\yii\framework\web\auth\CAccessControlFilter.php(120): CAccessControlFilter->accessDenied(Object(CWebUser), 'You are not aut...')
#1 D:\Archivos de Programas\xampp\htdocs\yii\framework\web\filters\CFilter.php(39): CAccessControlFilter->preFilter(Object(CFilterChain))
#2 D:\Archivos de Programas\xampp\htdocs\yii\framework\web\CController.php(1144): CFilter->filter(Object(CFilterChain))
#3 D:\Archivos de Programas\xampp\htdocs\yii\framework\web\filters\CInlineFilter.php(59): CController->filterAccessControl(Object(CFilterChain))
#4 D:\Archivos de Programas\xampp\htdocs\yii\framework\web\filters\CFilterChain.php(131): CInlineFilter->filter(Object(CFilterChain))
#5 D:\Archivos de Programas\xampp\htdocs\yii\framework\web\CController.php(283): CFilterChain->run()
#6 D:\Archivos de Programas\xampp\htdocs\yii\framework\web\CController.php(257): CController->runActionWithFilters(Object(CInlineAction), Array)
#7 D:\Archivos de Programas\xampp\htdocs\yii\framework\web\CWebApplication.php(277): CController->run('')
#8 D:\Archivos de Programas\xampp\htdocs\yii\framework\web\CWebApplication.php(136): CWebApplication->runController('recarga')
#9 D:\Archivos de Programas\xampp\htdocs\yii\framework\base\CApplication.php(158): CWebApplication->processRequest()
#10 D:\Archivos de Programas\xampp\htdocs\recargaschile2.0\index.php(13): CApplication->run()
#11 {main} REQUEST_URI=/recargaschile2.0/index.php/recarga
2012/06/21 14:23:26 [error] [exception.CHttpException.403] exception 'CHttpException' with message 'You are not authorized to perform this action.' in D:\Archivos de Programas\xampp\htdocs\yii\framework\web\auth\CAccessControlFilter.php:158
Stack trace:
#0 D:\Archivos de Programas\xampp\htdocs\yii\framework\web\auth\CAccessControlFilter.php(120): CAccessControlFilter->accessDenied(Object(CWebUser), 'You are not aut...')
#1 D:\Archivos de Programas\xampp\htdocs\yii\framework\web\filters\CFilter.php(39): CAccessControlFilter->preFilter(Object(CFilterChain))
#2 D:\Archivos de Programas\xampp\htdocs\yii\framework\web\CController.php(1144): CFilter->filter(Object(CFilterChain))
#3 D:\Archivos de Programas\xampp\htdocs\yii\framework\web\filters\CInlineFilter.php(59): CController->filterAccessControl(Object(CFilterChain))
#4 D:\Archivos de Programas\xampp\htdocs\yii\framework\web\filters\CFilterChain.php(131): CInlineFilter->filter(Object(CFilterChain))
#5 D:\Archivos de Programas\xampp\htdocs\yii\framework\web\CController.php(283): CFilterChain->run()
#6 D:\Archivos de Programas\xampp\htdocs\yii\framework\web\CController.php(257): CController->runActionWithFilters(Object(CInlineAction), Array)
#7 D:\Archivos de Programas\xampp\htdocs\yii\framework\web\CWebApplication.php(277): CController->run('')
#8 D:\Archivos de Programas\xampp\htdocs\yii\framework\web\CWebApplication.php(136): CWebApplication->runController('recarga')
#9 D:\Archivos de Programas\xampp\htdocs\yii\framework\base\CApplication.php(158): CWebApplication->processRequest()
#10 D:\Archivos de Programas\xampp\htdocs\recargaschile2.0\index.php(13): CApplication->run()
#11 {main} REQUEST_URI=/recargaschile2.0/index.php/recarga
2012/06/21 14:23:28 [error] [exception.CHttpException.403] exception 'CHttpException' with message 'You are not authorized to perform this action.' in D:\Archivos de Programas\xampp\htdocs\yii\framework\web\auth\CAccessControlFilter.php:158
Stack trace:
#0 D:\Archivos de Programas\xampp\htdocs\yii\framework\web\auth\CAccessControlFilter.php(120): CAccessControlFilter->accessDenied(Object(CWebUser), 'You are not aut...')
#1 D:\Archivos de Programas\xampp\htdocs\yii\framework\web\filters\CFilter.php(39): CAccessControlFilter->preFilter(Object(CFilterChain))
#2 D:\Archivos de Programas\xampp\htdocs\yii\framework\web\CController.php(1144): CFilter->filter(Object(CFilterChain))
#3 D:\Archivos de Programas\xampp\htdocs\yii\framework\web\filters\CInlineFilter.php(59): CController->filterAccessControl(Object(CFilterChain))
#4 D:\Archivos de Programas\xampp\htdocs\yii\framework\web\filters\CFilterChain.php(131): CInlineFilter->filter(Object(CFilterChain))
#5 D:\Archivos de Programas\xampp\htdocs\yii\framework\web\CController.php(283): CFilterChain->run()
#6 D:\Archivos de Programas\xampp\htdocs\yii\framework\web\CController.php(257): CController->runActionWithFilters(Object(CInlineAction), Array)
#7 D:\Archivos de Programas\xampp\htdocs\yii\framework\web\CWebApplication.php(277): CController->run('')
#8 D:\Archivos de Programas\xampp\htdocs\yii\framework\web\CWebApplication.php(136): CWebApplication->runController('recarga')
#9 D:\Archivos de Programas\xampp\htdocs\yii\framework\base\CApplication.php(158): CWebApplication->processRequest()
#10 D:\Archivos de Programas\xampp\htdocs\recargaschile2.0\index.php(13): CApplication->run()
#11 {main} REQUEST_URI=/recargaschile2.0/index.php/recarga
2012/06/21 14:24:10 [error] [exception.CHttpException.403] exception 'CHttpException' with message 'You are not authorized to perform this action.' in D:\Archivos de Programas\xampp\htdocs\yii\framework\web\auth\CAccessControlFilter.php:158
Stack trace:
#0 D:\Archivos de Programas\xampp\htdocs\yii\framework\web\auth\CAccessControlFilter.php(120): CAccessControlFilter->accessDenied(Object(CWebUser), 'You are not aut...')
#1 D:\Archivos de Programas\xampp\htdocs\yii\framework\web\filters\CFilter.php(39): CAccessControlFilter->preFilter(Object(CFilterChain))
#2 D:\Archivos de Programas\xampp\htdocs\yii\framework\web\CController.php(1144): CFilter->filter(Object(CFilterChain))
#3 D:\Archivos de Programas\xampp\htdocs\yii\framework\web\filters\CInlineFilter.php(59): CController->filterAccessControl(Object(CFilterChain))
#4 D:\Archivos de Programas\xampp\htdocs\yii\framework\web\filters\CFilterChain.php(131): CInlineFilter->filter(Object(CFilterChain))
#5 D:\Archivos de Programas\xampp\htdocs\yii\framework\web\CController.php(283): CFilterChain->run()
#6 D:\Archivos de Programas\xampp\htdocs\yii\framework\web\CController.php(257): CController->runActionWithFilters(Object(CInlineAction), Array)
#7 D:\Archivos de Programas\xampp\htdocs\yii\framework\web\CWebApplication.php(277): CController->run('create')
#8 D:\Archivos de Programas\xampp\htdocs\yii\framework\web\CWebApplication.php(136): CWebApplication->runController('recarga/create')
#9 D:\Archivos de Programas\xampp\htdocs\yii\framework\base\CApplication.php(158): CWebApplication->processRequest()
#10 D:\Archivos de Programas\xampp\htdocs\recargaschile2.0\index.php(13): CApplication->run()
#11 {main} REQUEST_URI=/recargaschile2.0/index.php/recarga/create
2012/06/21 14:29:56 [error] [exception.CHttpException.403] exception 'CHttpException' with message 'You are not authorized to perform this action.' in D:\Archivos de Programas\xampp\htdocs\yii\framework\web\auth\CAccessControlFilter.php:158
Stack trace:
#0 D:\Archivos de Programas\xampp\htdocs\yii\framework\web\auth\CAccessControlFilter.php(120): CAccessControlFilter->accessDenied(Object(CWebUser), 'You are not aut...')
#1 D:\Archivos de Programas\xampp\htdocs\yii\framework\web\filters\CFilter.php(39): CAccessControlFilter->preFilter(Object(CFilterChain))
#2 D:\Archivos de Programas\xampp\htdocs\yii\framework\web\CController.php(1144): CFilter->filter(Object(CFilterChain))
#3 D:\Archivos de Programas\xampp\htdocs\yii\framework\web\filters\CInlineFilter.php(59): CController->filterAccessControl(Object(CFilterChain))
#4 D:\Archivos de Programas\xampp\htdocs\yii\framework\web\filters\CFilterChain.php(131): CInlineFilter->filter(Object(CFilterChain))
#5 D:\Archivos de Programas\xampp\htdocs\yii\framework\web\CController.php(283): CFilterChain->run()
#6 D:\Archivos de Programas\xampp\htdocs\yii\framework\web\CController.php(257): CController->runActionWithFilters(Object(CInlineAction), Array)
#7 D:\Archivos de Programas\xampp\htdocs\yii\framework\web\CWebApplication.php(277): CController->run('')
#8 D:\Archivos de Programas\xampp\htdocs\yii\framework\web\CWebApplication.php(136): CWebApplication->runController('recarga')
#9 D:\Archivos de Programas\xampp\htdocs\yii\framework\base\CApplication.php(158): CWebApplication->processRequest()
#10 D:\Archivos de Programas\xampp\htdocs\recargaschile2.0\index.php(13): CApplication->run()
#11 {main} REQUEST_URI=/recargaschile2.0/index.php/recarga
2012/06/21 14:30:02 [error] [exception.CHttpException.403] exception 'CHttpException' with message 'You are not authorized to perform this action.' in D:\Archivos de Programas\xampp\htdocs\yii\framework\web\auth\CAccessControlFilter.php:158
Stack trace:
#0 D:\Archivos de Programas\xampp\htdocs\yii\framework\web\auth\CAccessControlFilter.php(120): CAccessControlFilter->accessDenied(Object(CWebUser), 'You are not aut...')
#1 D:\Archivos de Programas\xampp\htdocs\yii\framework\web\filters\CFilter.php(39): CAccessControlFilter->preFilter(Object(CFilterChain))
#2 D:\Archivos de Programas\xampp\htdocs\yii\framework\web\CController.php(1144): CFilter->filter(Object(CFilterChain))
#3 D:\Archivos de Programas\xampp\htdocs\yii\framework\web\filters\CInlineFilter.php(59): CController->filterAccessControl(Object(CFilterChain))
#4 D:\Archivos de Programas\xampp\htdocs\yii\framework\web\filters\CFilterChain.php(131): CInlineFilter->filter(Object(CFilterChain))
#5 D:\Archivos de Programas\xampp\htdocs\yii\framework\web\CController.php(283): CFilterChain->run()
#6 D:\Archivos de Programas\xampp\htdocs\yii\framework\web\CController.php(257): CController->runActionWithFilters(Object(CInlineAction), Array)
#7 D:\Archivos de Programas\xampp\htdocs\yii\framework\web\CWebApplication.php(277): CController->run('')
#8 D:\Archivos de Programas\xampp\htdocs\yii\framework\web\CWebApplication.php(136): CWebApplication->runController('recarga')
#9 D:\Archivos de Programas\xampp\htdocs\yii\framework\base\CApplication.php(158): CWebApplication->processRequest()
#10 D:\Archivos de Programas\xampp\htdocs\recargaschile2.0\index.php(13): CApplication->run()
#11 {main} REQUEST_URI=/recargaschile2.0/index.php/recarga
2012/06/21 14:30:06 [error] [exception.CHttpException.403] exception 'CHttpException' with message 'You are not authorized to perform this action.' in D:\Archivos de Programas\xampp\htdocs\yii\framework\web\auth\CAccessControlFilter.php:158
Stack trace:
#0 D:\Archivos de Programas\xampp\htdocs\yii\framework\web\auth\CAccessControlFilter.php(120): CAccessControlFilter->accessDenied(Object(CWebUser), 'You are not aut...')
#1 D:\Archivos de Programas\xampp\htdocs\yii\framework\web\filters\CFilter.php(39): CAccessControlFilter->preFilter(Object(CFilterChain))
#2 D:\Archivos de Programas\xampp\htdocs\yii\framework\web\CController.php(1144): CFilter->filter(Object(CFilterChain))
#3 D:\Archivos de Programas\xampp\htdocs\yii\framework\web\filters\CInlineFilter.php(59): CController->filterAccessControl(Object(CFilterChain))
#4 D:\Archivos de Programas\xampp\htdocs\yii\framework\web\filters\CFilterChain.php(131): CInlineFilter->filter(Object(CFilterChain))
#5 D:\Archivos de Programas\xampp\htdocs\yii\framework\web\CController.php(283): CFilterChain->run()
#6 D:\Archivos de Programas\xampp\htdocs\yii\framework\web\CController.php(257): CController->runActionWithFilters(Object(CInlineAction), Array)
#7 D:\Archivos de Programas\xampp\htdocs\yii\framework\web\CWebApplication.php(277): CController->run('')
#8 D:\Archivos de Programas\xampp\htdocs\yii\framework\web\CWebApplication.php(136): CWebApplication->runController('recarga')
#9 D:\Archivos de Programas\xampp\htdocs\yii\framework\base\CApplication.php(158): CWebApplication->processRequest()
#10 D:\Archivos de Programas\xampp\htdocs\recargaschile2.0\index.php(13): CApplication->run()
#11 {main} REQUEST_URI=/recargaschile2.0/index.php/recarga
2012/06/21 14:30:13 [error] [exception.CHttpException.403] exception 'CHttpException' with message 'You are not authorized to perform this action.' in D:\Archivos de Programas\xampp\htdocs\yii\framework\web\auth\CAccessControlFilter.php:158
Stack trace:
#0 D:\Archivos de Programas\xampp\htdocs\yii\framework\web\auth\CAccessControlFilter.php(120): CAccessControlFilter->accessDenied(Object(CWebUser), 'You are not aut...')
#1 D:\Archivos de Programas\xampp\htdocs\yii\framework\web\filters\CFilter.php(39): CAccessControlFilter->preFilter(Object(CFilterChain))
#2 D:\Archivos de Programas\xampp\htdocs\yii\framework\web\CController.php(1144): CFilter->filter(Object(CFilterChain))
#3 D:\Archivos de Programas\xampp\htdocs\yii\framework\web\filters\CInlineFilter.php(59): CController->filterAccessControl(Object(CFilterChain))
#4 D:\Archivos de Programas\xampp\htdocs\yii\framework\web\filters\CFilterChain.php(131): CInlineFilter->filter(Object(CFilterChain))
#5 D:\Archivos de Programas\xampp\htdocs\yii\framework\web\CController.php(283): CFilterChain->run()
#6 D:\Archivos de Programas\xampp\htdocs\yii\framework\web\CController.php(257): CController->runActionWithFilters(Object(CInlineAction), Array)
#7 D:\Archivos de Programas\xampp\htdocs\yii\framework\web\CWebApplication.php(277): CController->run('')
#8 D:\Archivos de Programas\xampp\htdocs\yii\framework\web\CWebApplication.php(136): CWebApplication->runController('recarga')
#9 D:\Archivos de Programas\xampp\htdocs\yii\framework\base\CApplication.php(158): CWebApplication->processRequest()
#10 D:\Archivos de Programas\xampp\htdocs\recargaschile2.0\index.php(13): CApplication->run()
#11 {main} REQUEST_URI=/recargaschile2.0/index.php/recarga
2012/06/21 14:30:17 [error] [exception.CHttpException.403] exception 'CHttpException' with message 'You are not authorized to perform this action.' in D:\Archivos de Programas\xampp\htdocs\yii\framework\web\auth\CAccessControlFilter.php:158
Stack trace:
#0 D:\Archivos de Programas\xampp\htdocs\yii\framework\web\auth\CAccessControlFilter.php(120): CAccessControlFilter->accessDenied(Object(CWebUser), 'You are not aut...')
#1 D:\Archivos de Programas\xampp\htdocs\yii\framework\web\filters\CFilter.php(39): CAccessControlFilter->preFilter(Object(CFilterChain))
#2 D:\Archivos de Programas\xampp\htdocs\yii\framework\web\CController.php(1144): CFilter->filter(Object(CFilterChain))
#3 D:\Archivos de Programas\xampp\htdocs\yii\framework\web\filters\CInlineFilter.php(59): CController->filterAccessControl(Object(CFilterChain))
#4 D:\Archivos de Programas\xampp\htdocs\yii\framework\web\filters\CFilterChain.php(131): CInlineFilter->filter(Object(CFilterChain))
#5 D:\Archivos de Programas\xampp\htdocs\yii\framework\web\CController.php(283): CFilterChain->run()
#6 D:\Archivos de Programas\xampp\htdocs\yii\framework\web\CController.php(257): CController->runActionWithFilters(Object(CInlineAction), Array)
#7 D:\Archivos de Programas\xampp\htdocs\yii\framework\web\CWebApplication.php(277): CController->run('')
#8 D:\Archivos de Programas\xampp\htdocs\yii\framework\web\CWebApplication.php(136): CWebApplication->runController('recarga')
#9 D:\Archivos de Programas\xampp\htdocs\yii\framework\base\CApplication.php(158): CWebApplication->processRequest()
#10 D:\Archivos de Programas\xampp\htdocs\recargaschile2.0\index.php(13): CApplication->run()
#11 {main} REQUEST_URI=/recargaschile2.0/index.php/recarga
2012/06/21 14:30:18 [error] [exception.CHttpException.403] exception 'CHttpException' with message 'You are not authorized to perform this action.' in D:\Archivos de Programas\xampp\htdocs\yii\framework\web\auth\CAccessControlFilter.php:158
Stack trace:
#0 D:\Archivos de Programas\xampp\htdocs\yii\framework\web\auth\CAccessControlFilter.php(120): CAccessControlFilter->accessDenied(Object(CWebUser), 'You are not aut...')
#1 D:\Archivos de Programas\xampp\htdocs\yii\framework\web\filters\CFilter.php(39): CAccessControlFilter->preFilter(Object(CFilterChain))
#2 D:\Archivos de Programas\xampp\htdocs\yii\framework\web\CController.php(1144): CFilter->filter(Object(CFilterChain))
#3 D:\Archivos de Programas\xampp\htdocs\yii\framework\web\filters\CInlineFilter.php(59): CController->filterAccessControl(Object(CFilterChain))
#4 D:\Archivos de Programas\xampp\htdocs\yii\framework\web\filters\CFilterChain.php(131): CInlineFilter->filter(Object(CFilterChain))
#5 D:\Archivos de Programas\xampp\htdocs\yii\framework\web\CController.php(283): CFilterChain->run()
#6 D:\Archivos de Programas\xampp\htdocs\yii\framework\web\CController.php(257): CController->runActionWithFilters(Object(CInlineAction), Array)
#7 D:\Archivos de Programas\xampp\htdocs\yii\framework\web\CWebApplication.php(277): CController->run('')
#8 D:\Archivos de Programas\xampp\htdocs\yii\framework\web\CWebApplication.php(136): CWebApplication->runController('recarga')
#9 D:\Archivos de Programas\xampp\htdocs\yii\framework\base\CApplication.php(158): CWebApplication->processRequest()
#10 D:\Archivos de Programas\xampp\htdocs\recargaschile2.0\index.php(13): CApplication->run()
#11 {main} REQUEST_URI=/recargaschile2.0/index.php/recarga
2012/06/21 14:30:28 [error] [exception.CHttpException.403] exception 'CHttpException' with message 'You are not authorized to perform this action.' in D:\Archivos de Programas\xampp\htdocs\yii\framework\web\auth\CAccessControlFilter.php:158
Stack trace:
#0 D:\Archivos de Programas\xampp\htdocs\yii\framework\web\auth\CAccessControlFilter.php(120): CAccessControlFilter->accessDenied(Object(CWebUser), 'You are not aut...')
#1 D:\Archivos de Programas\xampp\htdocs\yii\framework\web\filters\CFilter.php(39): CAccessControlFilter->preFilter(Object(CFilterChain))
#2 D:\Archivos de Programas\xampp\htdocs\yii\framework\web\CController.php(1144): CFilter->filter(Object(CFilterChain))
#3 D:\Archivos de Programas\xampp\htdocs\yii\framework\web\filters\CInlineFilter.php(59): CController->filterAccessControl(Object(CFilterChain))
#4 D:\Archivos de Programas\xampp\htdocs\yii\framework\web\filters\CFilterChain.php(131): CInlineFilter->filter(Object(CFilterChain))
#5 D:\Archivos de Programas\xampp\htdocs\yii\framework\web\CController.php(283): CFilterChain->run()
#6 D:\Archivos de Programas\xampp\htdocs\yii\framework\web\CController.php(257): CController->runActionWithFilters(Object(CInlineAction), Array)
#7 D:\Archivos de Programas\xampp\htdocs\yii\framework\web\CWebApplication.php(277): CController->run('')
#8 D:\Archivos de Programas\xampp\htdocs\yii\framework\web\CWebApplication.php(136): CWebApplication->runController('recarga')
#9 D:\Archivos de Programas\xampp\htdocs\yii\framework\base\CApplication.php(158): CWebApplication->processRequest()
#10 D:\Archivos de Programas\xampp\htdocs\recargaschile2.0\index.php(13): CApplication->run()
#11 {main} REQUEST_URI=/recargaschile2.0/index.php/recarga
2012/06/21 14:32:23 [error] [exception.CHttpException.403] exception 'CHttpException' with message 'You are not authorized to perform this action.' in D:\Archivos de Programas\xampp\htdocs\yii\framework\web\auth\CAccessControlFilter.php:158
Stack trace:
#0 D:\Archivos de Programas\xampp\htdocs\yii\framework\web\auth\CAccessControlFilter.php(120): CAccessControlFilter->accessDenied(Object(CWebUser), 'You are not aut...')
#1 D:\Archivos de Programas\xampp\htdocs\yii\framework\web\filters\CFilter.php(39): CAccessControlFilter->preFilter(Object(CFilterChain))
#2 D:\Archivos de Programas\xampp\htdocs\yii\framework\web\CController.php(1144): CFilter->filter(Object(CFilterChain))
#3 D:\Archivos de Programas\xampp\htdocs\yii\framework\web\filters\CInlineFilter.php(59): CController->filterAccessControl(Object(CFilterChain))
#4 D:\Archivos de Programas\xampp\htdocs\yii\framework\web\filters\CFilterChain.php(131): CInlineFilter->filter(Object(CFilterChain))
#5 D:\Archivos de Programas\xampp\htdocs\yii\framework\web\CController.php(283): CFilterChain->run()
#6 D:\Archivos de Programas\xampp\htdocs\yii\framework\web\CController.php(257): CController->runActionWithFilters(Object(CInlineAction), Array)
#7 D:\Archivos de Programas\xampp\htdocs\yii\framework\web\CWebApplication.php(277): CController->run('')
#8 D:\Archivos de Programas\xampp\htdocs\yii\framework\web\CWebApplication.php(136): CWebApplication->runController('recarga')
#9 D:\Archivos de Programas\xampp\htdocs\yii\framework\base\CApplication.php(158): CWebApplication->processRequest()
#10 D:\Archivos de Programas\xampp\htdocs\recargaschile2.0\index.php(13): CApplication->run()
#11 {main} REQUEST_URI=/recargaschile2.0/index.php/recarga
2012/06/21 14:32:40 [error] [exception.CHttpException.403] exception 'CHttpException' with message 'You are not authorized to perform this action.' in D:\Archivos de Programas\xampp\htdocs\yii\framework\web\auth\CAccessControlFilter.php:158
Stack trace:
#0 D:\Archivos de Programas\xampp\htdocs\yii\framework\web\auth\CAccessControlFilter.php(120): CAccessControlFilter->accessDenied(Object(CWebUser), 'You are not aut...')
#1 D:\Archivos de Programas\xampp\htdocs\yii\framework\web\filters\CFilter.php(39): CAccessControlFilter->preFilter(Object(CFilterChain))
#2 D:\Archivos de Programas\xampp\htdocs\yii\framework\web\CController.php(1144): CFilter->filter(Object(CFilterChain))
#3 D:\Archivos de Programas\xampp\htdocs\yii\framework\web\filters\CInlineFilter.php(59): CController->filterAccessControl(Object(CFilterChain))
#4 D:\Archivos de Programas\xampp\htdocs\yii\framework\web\filters\CFilterChain.php(131): CInlineFilter->filter(Object(CFilterChain))
#5 D:\Archivos de Programas\xampp\htdocs\yii\framework\web\CController.php(283): CFilterChain->run()
#6 D:\Archivos de Programas\xampp\htdocs\yii\framework\web\CController.php(257): CController->runActionWithFilters(Object(CInlineAction), Array)
#7 D:\Archivos de Programas\xampp\htdocs\yii\framework\web\CWebApplication.php(277): CController->run('')
#8 D:\Archivos de Programas\xampp\htdocs\yii\framework\web\CWebApplication.php(136): CWebApplication->runController('recarga')
#9 D:\Archivos de Programas\xampp\htdocs\yii\framework\base\CApplication.php(158): CWebApplication->processRequest()
#10 D:\Archivos de Programas\xampp\htdocs\recargaschile2.0\index.php(13): CApplication->run()
#11 {main} REQUEST_URI=/recargaschile2.0/index.php/recarga
2012/06/21 14:32:51 [error] [exception.CHttpException.403] exception 'CHttpException' with message 'You are not authorized to perform this action.' in D:\Archivos de Programas\xampp\htdocs\yii\framework\web\auth\CAccessControlFilter.php:158
Stack trace:
#0 D:\Archivos de Programas\xampp\htdocs\yii\framework\web\auth\CAccessControlFilter.php(120): CAccessControlFilter->accessDenied(Object(CWebUser), 'You are not aut...')
#1 D:\Archivos de Programas\xampp\htdocs\yii\framework\web\filters\CFilter.php(39): CAccessControlFilter->preFilter(Object(CFilterChain))
#2 D:\Archivos de Programas\xampp\htdocs\yii\framework\web\CController.php(1144): CFilter->filter(Object(CFilterChain))
#3 D:\Archivos de Programas\xampp\htdocs\yii\framework\web\filters\CInlineFilter.php(59): CController->filterAccessControl(Object(CFilterChain))
#4 D:\Archivos de Programas\xampp\htdocs\yii\framework\web\filters\CFilterChain.php(131): CInlineFilter->filter(Object(CFilterChain))
#5 D:\Archivos de Programas\xampp\htdocs\yii\framework\web\CController.php(283): CFilterChain->run()
#6 D:\Archivos de Programas\xampp\htdocs\yii\framework\web\CController.php(257): CController->runActionWithFilters(Object(CInlineAction), Array)
#7 D:\Archivos de Programas\xampp\htdocs\yii\framework\web\CWebApplication.php(277): CController->run('')
#8 D:\Archivos de Programas\xampp\htdocs\yii\framework\web\CWebApplication.php(136): CWebApplication->runController('recarga')
#9 D:\Archivos de Programas\xampp\htdocs\yii\framework\base\CApplication.php(158): CWebApplication->processRequest()
#10 D:\Archivos de Programas\xampp\htdocs\recargaschile2.0\index.php(13): CApplication->run()
#11 {main} REQUEST_URI=/recargaschile2.0/index.php/recarga
2012/06/21 14:32:52 [error] [exception.CHttpException.403] exception 'CHttpException' with message 'You are not authorized to perform this action.' in D:\Archivos de Programas\xampp\htdocs\yii\framework\web\auth\CAccessControlFilter.php:158
Stack trace:
#0 D:\Archivos de Programas\xampp\htdocs\yii\framework\web\auth\CAccessControlFilter.php(120): CAccessControlFilter->accessDenied(Object(CWebUser), 'You are not aut...')
#1 D:\Archivos de Programas\xampp\htdocs\yii\framework\web\filters\CFilter.php(39): CAccessControlFilter->preFilter(Object(CFilterChain))
#2 D:\Archivos de Programas\xampp\htdocs\yii\framework\web\CController.php(1144): CFilter->filter(Object(CFilterChain))
#3 D:\Archivos de Programas\xampp\htdocs\yii\framework\web\filters\CInlineFilter.php(59): CController->filterAccessControl(Object(CFilterChain))
#4 D:\Archivos de Programas\xampp\htdocs\yii\framework\web\filters\CFilterChain.php(131): CInlineFilter->filter(Object(CFilterChain))
#5 D:\Archivos de Programas\xampp\htdocs\yii\framework\web\CController.php(283): CFilterChain->run()
#6 D:\Archivos de Programas\xampp\htdocs\yii\framework\web\CController.php(257): CController->runActionWithFilters(Object(CInlineAction), Array)
#7 D:\Archivos de Programas\xampp\htdocs\yii\framework\web\CWebApplication.php(277): CController->run('')
#8 D:\Archivos de Programas\xampp\htdocs\yii\framework\web\CWebApplication.php(136): CWebApplication->runController('recarga')
#9 D:\Archivos de Programas\xampp\htdocs\yii\framework\base\CApplication.php(158): CWebApplication->processRequest()
#10 D:\Archivos de Programas\xampp\htdocs\recargaschile2.0\index.php(13): CApplication->run()
#11 {main} REQUEST_URI=/recargaschile2.0/index.php/recarga
2012/06/21 14:33:20 [error] [exception.CHttpException.403] exception 'CHttpException' with message 'You are not authorized to perform this action.' in D:\Archivos de Programas\xampp\htdocs\yii\framework\web\auth\CAccessControlFilter.php:158
Stack trace:
#0 D:\Archivos de Programas\xampp\htdocs\yii\framework\web\auth\CAccessControlFilter.php(120): CAccessControlFilter->accessDenied(Object(CWebUser), 'You are not aut...')
#1 D:\Archivos de Programas\xampp\htdocs\yii\framework\web\filters\CFilter.php(39): CAccessControlFilter->preFilter(Object(CFilterChain))
#2 D:\Archivos de Programas\xampp\htdocs\yii\framework\web\CController.php(1144): CFilter->filter(Object(CFilterChain))
#3 D:\Archivos de Programas\xampp\htdocs\yii\framework\web\filters\CInlineFilter.php(59): CController->filterAccessControl(Object(CFilterChain))
#4 D:\Archivos de Programas\xampp\htdocs\yii\framework\web\filters\CFilterChain.php(131): CInlineFilter->filter(Object(CFilterChain))
#5 D:\Archivos de Programas\xampp\htdocs\yii\framework\web\CController.php(283): CFilterChain->run()
#6 D:\Archivos de Programas\xampp\htdocs\yii\framework\web\CController.php(257): CController->runActionWithFilters(Object(CInlineAction), Array)
#7 D:\Archivos de Programas\xampp\htdocs\yii\framework\web\CWebApplication.php(277): CController->run('')
#8 D:\Archivos de Programas\xampp\htdocs\yii\framework\web\CWebApplication.php(136): CWebApplication->runController('recarga')
#9 D:\Archivos de Programas\xampp\htdocs\yii\framework\base\CApplication.php(158): CWebApplication->processRequest()
#10 D:\Archivos de Programas\xampp\htdocs\recargaschile2.0\index.php(13): CApplication->run()
#11 {main} REQUEST_URI=/recargaschile2.0/index.php/recarga
2012/06/21 14:33:50 [error] [exception.CHttpException.403] exception 'CHttpException' with message 'You are not authorized to perform this action.' in D:\Archivos de Programas\xampp\htdocs\yii\framework\web\auth\CAccessControlFilter.php:158
Stack trace:
#0 D:\Archivos de Programas\xampp\htdocs\yii\framework\web\auth\CAccessControlFilter.php(120): CAccessControlFilter->accessDenied(Object(CWebUser), 'You are not aut...')
#1 D:\Archivos de Programas\xampp\htdocs\yii\framework\web\filters\CFilter.php(39): CAccessControlFilter->preFilter(Object(CFilterChain))
#2 D:\Archivos de Programas\xampp\htdocs\yii\framework\web\CController.php(1144): CFilter->filter(Object(CFilterChain))
#3 D:\Archivos de Programas\xampp\htdocs\yii\framework\web\filters\CInlineFilter.php(59): CController->filterAccessControl(Object(CFilterChain))
#4 D:\Archivos de Programas\xampp\htdocs\yii\framework\web\filters\CFilterChain.php(131): CInlineFilter->filter(Object(CFilterChain))
#5 D:\Archivos de Programas\xampp\htdocs\yii\framework\web\CController.php(283): CFilterChain->run()
#6 D:\Archivos de Programas\xampp\htdocs\yii\framework\web\CController.php(257): CController->runActionWithFilters(Object(CInlineAction), Array)
#7 D:\Archivos de Programas\xampp\htdocs\yii\framework\web\CWebApplication.php(277): CController->run('')
#8 D:\Archivos de Programas\xampp\htdocs\yii\framework\web\CWebApplication.php(136): CWebApplication->runController('recarga')
#9 D:\Archivos de Programas\xampp\htdocs\yii\framework\base\CApplication.php(158): CWebApplication->processRequest()
#10 D:\Archivos de Programas\xampp\htdocs\recargaschile2.0\index.php(13): CApplication->run()
#11 {main} REQUEST_URI=/recargaschile2.0/index.php/recarga
2012/06/21 14:33:52 [error] [exception.CHttpException.403] exception 'CHttpException' with message 'You are not authorized to perform this action.' in D:\Archivos de Programas\xampp\htdocs\yii\framework\web\auth\CAccessControlFilter.php:158
Stack trace:
#0 D:\Archivos de Programas\xampp\htdocs\yii\framework\web\auth\CAccessControlFilter.php(120): CAccessControlFilter->accessDenied(Object(CWebUser), 'You are not aut...')
#1 D:\Archivos de Programas\xampp\htdocs\yii\framework\web\filters\CFilter.php(39): CAccessControlFilter->preFilter(Object(CFilterChain))
#2 D:\Archivos de Programas\xampp\htdocs\yii\framework\web\CController.php(1144): CFilter->filter(Object(CFilterChain))
#3 D:\Archivos de Programas\xampp\htdocs\yii\framework\web\filters\CInlineFilter.php(59): CController->filterAccessControl(Object(CFilterChain))
#4 D:\Archivos de Programas\xampp\htdocs\yii\framework\web\filters\CFilterChain.php(131): CInlineFilter->filter(Object(CFilterChain))
#5 D:\Archivos de Programas\xampp\htdocs\yii\framework\web\CController.php(283): CFilterChain->run()
#6 D:\Archivos de Programas\xampp\htdocs\yii\framework\web\CController.php(257): CController->runActionWithFilters(Object(CInlineAction), Array)
#7 D:\Archivos de Programas\xampp\htdocs\yii\framework\web\CWebApplication.php(277): CController->run('')
#8 D:\Archivos de Programas\xampp\htdocs\yii\framework\web\CWebApplication.php(136): CWebApplication->runController('recarga')
#9 D:\Archivos de Programas\xampp\htdocs\yii\framework\base\CApplication.php(158): CWebApplication->processRequest()
#10 D:\Archivos de Programas\xampp\htdocs\recargaschile2.0\index.php(13): CApplication->run()
#11 {main} REQUEST_URI=/recargaschile2.0/index.php/recarga
2012/06/21 14:33:53 [error] [exception.CHttpException.403] exception 'CHttpException' with message 'You are not authorized to perform this action.' in D:\Archivos de Programas\xampp\htdocs\yii\framework\web\auth\CAccessControlFilter.php:158
Stack trace:
#0 D:\Archivos de Programas\xampp\htdocs\yii\framework\web\auth\CAccessControlFilter.php(120): CAccessControlFilter->accessDenied(Object(CWebUser), 'You are not aut...')
#1 D:\Archivos de Programas\xampp\htdocs\yii\framework\web\filters\CFilter.php(39): CAccessControlFilter->preFilter(Object(CFilterChain))
#2 D:\Archivos de Programas\xampp\htdocs\yii\framework\web\CController.php(1144): CFilter->filter(Object(CFilterChain))
#3 D:\Archivos de Programas\xampp\htdocs\yii\framework\web\filters\CInlineFilter.php(59): CController->filterAccessControl(Object(CFilterChain))
#4 D:\Archivos de Programas\xampp\htdocs\yii\framework\web\filters\CFilterChain.php(131): CInlineFilter->filter(Object(CFilterChain))
#5 D:\Archivos de Programas\xampp\htdocs\yii\framework\web\CController.php(283): CFilterChain->run()
#6 D:\Archivos de Programas\xampp\htdocs\yii\framework\web\CController.php(257): CController->runActionWithFilters(Object(CInlineAction), Array)
#7 D:\Archivos de Programas\xampp\htdocs\yii\framework\web\CWebApplication.php(277): CController->run('')
#8 D:\Archivos de Programas\xampp\htdocs\yii\framework\web\CWebApplication.php(136): CWebApplication->runController('recarga')
#9 D:\Archivos de Programas\xampp\htdocs\yii\framework\base\CApplication.php(158): CWebApplication->processRequest()
#10 D:\Archivos de Programas\xampp\htdocs\recargaschile2.0\index.php(13): CApplication->run()
#11 {main} REQUEST_URI=/recargaschile2.0/index.php/recarga
2012/06/21 14:34:37 [error] [exception.CHttpException.403] exception 'CHttpException' with message 'You are not authorized to perform this action.' in D:\Archivos de Programas\xampp\htdocs\yii\framework\web\auth\CAccessControlFilter.php:158
Stack trace:
#0 D:\Archivos de Programas\xampp\htdocs\yii\framework\web\auth\CAccessControlFilter.php(120): CAccessControlFilter->accessDenied(Object(CWebUser), 'You are not aut...')
#1 D:\Archivos de Programas\xampp\htdocs\yii\framework\web\filters\CFilter.php(39): CAccessControlFilter->preFilter(Object(CFilterChain))
#2 D:\Archivos de Programas\xampp\htdocs\yii\framework\web\CController.php(1144): CFilter->filter(Object(CFilterChain))
#3 D:\Archivos de Programas\xampp\htdocs\yii\framework\web\filters\CInlineFilter.php(59): CController->filterAccessControl(Object(CFilterChain))
#4 D:\Archivos de Programas\xampp\htdocs\yii\framework\web\filters\CFilterChain.php(131): CInlineFilter->filter(Object(CFilterChain))
#5 D:\Archivos de Programas\xampp\htdocs\yii\framework\web\CController.php(283): CFilterChain->run()
#6 D:\Archivos de Programas\xampp\htdocs\yii\framework\web\CController.php(257): CController->runActionWithFilters(Object(CInlineAction), Array)
#7 D:\Archivos de Programas\xampp\htdocs\yii\framework\web\CWebApplication.php(277): CController->run('')
#8 D:\Archivos de Programas\xampp\htdocs\yii\framework\web\CWebApplication.php(136): CWebApplication->runController('recarga')
#9 D:\Archivos de Programas\xampp\htdocs\yii\framework\base\CApplication.php(158): CWebApplication->processRequest()
#10 D:\Archivos de Programas\xampp\htdocs\recargaschile2.0\index.php(13): CApplication->run()
#11 {main} REQUEST_URI=/recargaschile2.0/index.php/recarga
2012/06/22 14:12:34 [error] [exception.CException] exception 'CException' with message 'Property "LoginForm.tipo" is not defined.' in D:\Archivos de Programas\xampp\htdocs\yii\framework\base\CComponent.php:131
Stack trace:
#0 D:\Archivos de Programas\xampp\htdocs\yii\framework\web\helpers\CHtml.php(2063): CComponent->__get('tipo')
#1 D:\Archivos de Programas\xampp\htdocs\yii\framework\web\helpers\CHtml.php(1397): CHtml::resolveValue(Object(LoginForm), 'tipo')
#2 D:\Archivos de Programas\xampp\htdocs\yii\framework\web\widgets\CActiveForm.php(674): CHtml::activeDropDownList(Object(LoginForm), 'tipo', Array, Array)
#3 D:\Archivos de Programas\xampp\htdocs\recargaschile2.0\protected\views\site\login.php(35): CActiveForm->dropDownList(Object(LoginForm), 'tipo', Array)
#4 D:\Archivos de Programas\xampp\htdocs\yii\framework\web\CBaseController.php(119): require('D:\Archivos de ...')
#5 D:\Archivos de Programas\xampp\htdocs\yii\framework\web\CBaseController.php(88): CBaseController->renderInternal('D:\Archivos de ...', Array, true)
#6 D:\Archivos de Programas\xampp\htdocs\yii\framework\web\CController.php(866): CBaseController->renderFile('D:\Archivos de ...', Array, true)
#7 D:\Archivos de Programas\xampp\htdocs\yii\framework\web\CController.php(779): CController->renderPartial('login', Array, true)
#8 D:\Archivos de Programas\xampp\htdocs\recargaschile2.0\protected\controllers\SiteController.php(92): CController->render('login', Array)
#9 D:\Archivos de Programas\xampp\htdocs\yii\framework\web\actions\CInlineAction.php(50): SiteController->actionLogin()
#10 D:\Archivos de Programas\xampp\htdocs\yii\framework\web\CController.php(300): CInlineAction->runWithParams(Array)
#11 D:\Archivos de Programas\xampp\htdocs\yii\framework\web\CController.php(278): CController->runAction(Object(CInlineAction))
#12 D:\Archivos de Programas\xampp\htdocs\yii\framework\web\CController.php(257): CController->runActionWithFilters(Object(CInlineAction), Array)
#13 D:\Archivos de Programas\xampp\htdocs\yii\framework\web\CWebApplication.php(277): CController->run('login')
#14 D:\Archivos de Programas\xampp\htdocs\yii\framework\web\CWebApplication.php(136): CWebApplication->runController('site/login')
#15 D:\Archivos de Programas\xampp\htdocs\yii\framework\base\CApplication.php(158): CWebApplication->processRequest()
#16 D:\Archivos de Programas\xampp\htdocs\recargaschile2.0\index.php(13): CApplication->run()
#17 {main} REQUEST_URI=/recargaschile2.0/index.php/site/login
2012/06/22 14:16:13 [warning] [application] Failed to set unsafe attribute "tipo" of "LoginForm".
in D:\Archivos de Programas\xampp\htdocs\recargaschile2.0\protected\controllers\SiteController.php (86)
in D:\Archivos de Programas\xampp\htdocs\recargaschile2.0\index.php (13)
2012/06/22 14:38:32 [error] [exception.CException] exception 'CException' with message 'Application authorization manager must extend the RDbAuthManager class.' in D:\Archivos de Programas\xampp\htdocs\recargaschile2.0\protected\modules\rights\components\RInstaller.php:57
Stack trace:
#0 D:\Archivos de Programas\xampp\htdocs\yii\framework\base\CModule.php(372): RInstaller->init()
#1 D:\Archivos de Programas\xampp\htdocs\recargaschile2.0\protected\modules\rights\RightsModule.php(200): CModule->getComponent('installer')
#2 D:\Archivos de Programas\xampp\htdocs\recargaschile2.0\protected\modules\rights\controllers\InstallController.php(29): RightsModule->getInstaller()
#3 D:\Archivos de Programas\xampp\htdocs\yii\framework\web\CWebApplication.php(276): InstallController->init()
#4 D:\Archivos de Programas\xampp\htdocs\yii\framework\web\CWebApplication.php(136): CWebApplication->runController('rights/install')
#5 D:\Archivos de Programas\xampp\htdocs\yii\framework\base\CApplication.php(158): CWebApplication->processRequest()
#6 D:\Archivos de Programas\xampp\htdocs\recargaschile2.0\index.php(13): CApplication->run()
#7 {main} REQUEST_URI=/recargaschile2.0/index.php/rights/install
2012/06/22 14:38:34 [error] [exception.CException] exception 'CException' with message 'Application authorization manager must extend the RDbAuthManager class.' in D:\Archivos de Programas\xampp\htdocs\recargaschile2.0\protected\modules\rights\components\RInstaller.php:57
Stack trace:
#0 D:\Archivos de Programas\xampp\htdocs\yii\framework\base\CModule.php(372): RInstaller->init()
#1 D:\Archivos de Programas\xampp\htdocs\recargaschile2.0\protected\modules\rights\RightsModule.php(200): CModule->getComponent('installer')
#2 D:\Archivos de Programas\xampp\htdocs\recargaschile2.0\protected\modules\rights\controllers\InstallController.php(29): RightsModule->getInstaller()
#3 D:\Archivos de Programas\xampp\htdocs\yii\framework\web\CWebApplication.php(276): InstallController->init()
#4 D:\Archivos de Programas\xampp\htdocs\yii\framework\web\CWebApplication.php(136): CWebApplication->runController('rights/install')
#5 D:\Archivos de Programas\xampp\htdocs\yii\framework\base\CApplication.php(158): CWebApplication->processRequest()
#6 D:\Archivos de Programas\xampp\htdocs\recargaschile2.0\index.php(13): CApplication->run()
#7 {main} REQUEST_URI=/recargaschile2.0/index.php/rights/install
